2019-07-01 14:11:14,931 [Worker-13] INFO  o.e.m.c.i.l.LifecycleMappingFactory - Using org.eclipse.m2e.jdt.JarLifecycleMapping lifecycle mapping for MavenProject: Translate:Translate:0.0.1-SNAPSHOT @ C:\Users\Вадим\workspace\Translator\Translate\pom.xml.
2019-07-01 14:11:16,132 [Worker-14] WARN  o.e.m.c.i.embedder.EclipseLogger - Using platform encoding (Cp1251 actually) to copy filtered resources, i.e. build is platform dependent!
2019-07-01 14:11:16,132 [Worker-14] INFO  o.e.m.c.i.embedder.EclipseLogger - skip non existing resourceDirectory C:\Users\Вадим\workspace\Translator\Translate\src\main\resources
2019-07-01 14:11:16,132 [Worker-14] WARN  o.e.m.c.i.embedder.EclipseLogger - Using platform encoding (Cp1251 actually) to copy filtered resources, i.e. build is platform dependent!
2019-07-01 14:11:16,132 [Worker-14] INFO  o.e.m.c.i.embedder.EclipseLogger - skip non existing resourceDirectory C:\Users\Вадим\workspace\Translator\Translate\src\test\resources
2019-07-01 14:11:16,132 [Worker-13] INFO  o.e.m.j.i.AbstractJavaProjectConfigurator - Adding source folder /Translate/src
2019-07-01 14:11:16,132 [Worker-13] INFO  o.e.m.j.i.AbstractJavaProjectConfigurator - Not adding source folder /Translate/src/test/java because it overlaps with /Translate/src
2019-07-01 14:11:16,257 [Worker-13] INFO  o.e.m.c.i.p.ProjectConfigurationManager - Update started
2019-07-01 14:11:16,319 [Worker-13] INFO  o.e.m.c.i.l.LifecycleMappingFactory - Using org.eclipse.m2e.jdt.JarLifecycleMapping lifecycle mapping for MavenProject: Translate:Translate:0.0.1-SNAPSHOT @ C:\Users\Вадим\workspace\Translator\Translate\pom.xml.
2019-07-01 14:11:16,506 [Worker-13] INFO  o.e.m.j.i.AbstractJavaProjectConfigurator - Adding source folder /Translate/src
2019-07-01 14:11:16,506 [Worker-13] INFO  o.e.m.j.i.AbstractJavaProjectConfigurator - Not adding source folder /Translate/src/test/java because it overlaps with /Translate/src
2019-07-01 14:11:16,553 [Worker-13] INFO  o.e.m.c.i.p.ProjectConfigurationManager - Update completed: 0 sec
2019-07-01 14:11:17,161 [Worker-13] WARN  o.e.m.c.i.embedder.EclipseLogger - Using platform encoding (Cp1251 actually) to copy filtered resources, i.e. build is platform dependent!
2019-07-01 14:11:17,161 [Worker-13] INFO  o.e.m.c.i.embedder.EclipseLogger - skip non existing resourceDirectory C:\Users\Вадим\workspace\Translator\Translate\src\main\resources
2019-07-01 14:11:17,161 [Worker-13] WARN  o.e.m.c.i.embedder.EclipseLogger - Using platform encoding (Cp1251 actually) to copy filtered resources, i.e. build is platform dependent!
2019-07-01 14:11:17,161 [Worker-13] INFO  o.e.m.c.i.embedder.EclipseLogger - skip non existing resourceDirectory C:\Users\Вадим\workspace\Translator\Translate\src\test\resources
2019-07-01 14:11:24,525 [Worker-11] INFO  o.e.m.c.i.l.LifecycleMappingFactory - Using org.eclipse.m2e.jdt.JarLifecycleMapping lifecycle mapping for MavenProject: Translate:Translate:0.0.1-SNAPSHOT @ C:\Users\Вадим\workspace\Translator\Translate\pom.xml.
2019-07-01 14:11:24,571 [Worker-11] WARN  o.e.m.c.i.embedder.EclipseLogger - Using platform encoding (Cp1251 actually) to copy filtered resources, i.e. build is platform dependent!
2019-07-01 14:11:24,571 [Worker-11] INFO  o.e.m.c.i.embedder.EclipseLogger - skip non existing resourceDirectory C:\Users\Вадим\workspace\Translator\Translate\src\main\resources
2019-07-01 14:11:24,571 [Worker-11] WARN  o.e.m.c.i.embedder.EclipseLogger - Using platform encoding (Cp1251 actually) to copy filtered resources, i.e. build is platform dependent!
2019-07-01 14:11:24,571 [Worker-11] INFO  o.e.m.c.i.embedder.EclipseLogger - skip non existing resourceDirectory C:\Users\Вадим\workspace\Translator\Translate\src\test\resources
2019-07-01 14:11:31,716 [Worker-6] INFO  o.e.m.c.i.l.LifecycleMappingFactory - Using org.eclipse.m2e.jdt.JarLifecycleMapping lifecycle mapping for MavenProject: Translate:Translate:0.0.1-SNAPSHOT @ C:\Users\Вадим\workspace\Translator\Translate\pom.xml.
2019-07-01 14:11:31,747 [Worker-6] WARN  o.e.m.c.i.embedder.EclipseLogger - Using platform encoding (Cp1251 actually) to copy filtered resources, i.e. build is platform dependent!
2019-07-01 14:11:31,747 [Worker-6] INFO  o.e.m.c.i.embedder.EclipseLogger - skip non existing resourceDirectory C:\Users\Вадим\workspace\Translator\Translate\src\main\resources
2019-07-01 14:11:31,747 [Worker-6] WARN  o.e.m.c.i.embedder.EclipseLogger - Using platform encoding (Cp1251 actually) to copy filtered resources, i.e. build is platform dependent!
2019-07-01 14:11:31,763 [Worker-6] INFO  o.e.m.c.i.embedder.EclipseLogger - skip non existing resourceDirectory C:\Users\Вадим\workspace\Translator\Translate\src\test\resources
2019-07-01 14:11:37,691 [Worker-6] INFO  o.e.m.c.i.l.LifecycleMappingFactory - Using org.eclipse.m2e.jdt.JarLifecycleMapping lifecycle mapping for MavenProject: Translate:Translate:0.0.1-SNAPSHOT @ C:\Users\Вадим\workspace\Translator\Translate\pom.xml.
2019-07-01 14:11:38,455 [Worker-15] INFO  o.e.m.c.i.e.AbstractTransferListenerAdapter - Downloading http://repo.maven.apache.org/maven2/junit/junit/4.12/junit-4.12.pom
2019-07-01 14:11:38,752 [Worker-15] INFO  o.e.m.c.i.e.AbstractTransferListenerAdapter - Downloaded http://repo.maven.apache.org/maven2/junit/junit/4.12/junit-4.12.pom
2019-07-01 14:11:38,877 [Worker-15] INFO  o.e.m.c.i.e.AbstractTransferListenerAdapter - Downloading http://repo.maven.apache.org/maven2/org/hamcrest/hamcrest-core/1.3/hamcrest-core-1.3.pom
2019-07-01 14:11:39,079 [Worker-15] INFO  o.e.m.c.i.e.AbstractTransferListenerAdapter - Downloaded http://repo.maven.apache.org/maven2/org/hamcrest/hamcrest-core/1.3/hamcrest-core-1.3.pom
2019-07-01 14:11:39,173 [Worker-15] INFO  o.e.m.c.i.e.AbstractTransferListenerAdapter - Downloading http://repo.maven.apache.org/maven2/org/hamcrest/hamcrest-parent/1.3/hamcrest-parent-1.3.pom
2019-07-01 14:11:39,360 [Worker-15] INFO  o.e.m.c.i.e.AbstractTransferListenerAdapter - Downloaded http://repo.maven.apache.org/maven2/org/hamcrest/hamcrest-parent/1.3/hamcrest-parent-1.3.pom
2019-07-01 14:11:39,501 [Worker-15] INFO  o.e.m.c.i.e.AbstractTransferListenerAdapter - Downloading http://repo.maven.apache.org/maven2/com/google/code/gson/gson/2.3.1/gson-2.3.1.pom
2019-07-01 14:11:39,828 [Worker-15] INFO  o.e.m.c.i.e.AbstractTransferListenerAdapter - Downloaded http://repo.maven.apache.org/maven2/com/google/code/gson/gson/2.3.1/gson-2.3.1.pom
2019-07-01 14:11:40,015 [Worker-15] INFO  o.e.m.c.i.e.AbstractTransferListenerAdapter - Downloading http://repo.maven.apache.org/maven2/junit/junit/4.12/junit-4.12.jar
2019-07-01 14:11:41,591 [Worker-15] INFO  o.e.m.c.i.e.AbstractTransferListenerAdapter - Downloaded http://repo.maven.apache.org/maven2/junit/junit/4.12/junit-4.12.jar
2019-07-01 14:11:41,685 [Worker-15] INFO  o.e.m.c.i.e.AbstractTransferListenerAdapter - Downloading http://repo.maven.apache.org/maven2/org/hamcrest/hamcrest-core/1.3/hamcrest-core-1.3.jar
2019-07-01 14:11:41,950 [Worker-15] INFO  o.e.m.c.i.e.AbstractTransferListenerAdapter - Downloaded http://repo.maven.apache.org/maven2/org/hamcrest/hamcrest-core/1.3/hamcrest-core-1.3.jar
2019-07-01 14:11:42,075 [Worker-15] INFO  o.e.m.c.i.e.AbstractTransferListenerAdapter - Downloading http://repo.maven.apache.org/maven2/com/google/code/gson/gson/2.3.1/gson-2.3.1.jar
2019-07-01 14:11:43,026 [Worker-15] INFO  o.e.m.c.i.e.AbstractTransferListenerAdapter - Downloaded http://repo.maven.apache.org/maven2/com/google/code/gson/gson/2.3.1/gson-2.3.1.jar
2019-07-01 14:11:43,603 [Worker-6] WARN  o.e.m.c.i.embedder.EclipseLogger - Using platform encoding (Cp1251 actually) to copy filtered resources, i.e. build is platform dependent!
2019-07-01 14:11:43,603 [Worker-6] INFO  o.e.m.c.i.embedder.EclipseLogger - skip non existing resourceDirectory C:\Users\Вадим\workspace\Translator\Translate\src\main\resources
2019-07-01 14:11:43,603 [Worker-6] WARN  o.e.m.c.i.embedder.EclipseLogger - Using platform encoding (Cp1251 actually) to copy filtered resources, i.e. build is platform dependent!
2019-07-01 14:11:43,603 [Worker-6] INFO  o.e.m.c.i.embedder.EclipseLogger - skip non existing resourceDirectory C:\Users\Вадим\workspace\Translator\Translate\src\test\resources
2019-07-01 14:12:03,994 [Worker-16] INFO  o.e.m.c.i.l.LifecycleMappingFactory - Using org.eclipse.m2e.jdt.JarLifecycleMapping lifecycle mapping for MavenProject: Translate:Translate:0.0.1-SNAPSHOT @ C:\Users\Вадим\workspace\Translator\Translate\pom.xml.
2019-07-01 14:12:04,040 [Worker-16] WARN  o.e.m.c.i.embedder.EclipseLogger - Using platform encoding (Cp1251 actually) to copy filtered resources, i.e. build is platform dependent!
2019-07-01 14:12:04,040 [Worker-16] INFO  o.e.m.c.i.embedder.EclipseLogger - skip non existing resourceDirectory C:\Users\Вадим\workspace\Translator\Translate\src\main\resources
2019-07-01 14:12:04,040 [Worker-16] WARN  o.e.m.c.i.embedder.EclipseLogger - Using platform encoding (Cp1251 actually) to copy filtered resources, i.e. build is platform dependent!
2019-07-01 14:12:04,040 [Worker-16] INFO  o.e.m.c.i.embedder.EclipseLogger - skip non existing resourceDirectory C:\Users\Вадим\workspace\Translator\Translate\src\test\resources
2019-07-01 14:12:05,195 [Worker-13] WARN  o.e.m.c.i.embedder.EclipseLogger - Using platform encoding (Cp1251 actually) to copy filtered resources, i.e. build is platform dependent!
2019-07-01 14:12:05,195 [Worker-13] INFO  o.e.m.c.i.embedder.EclipseLogger - skip non existing resourceDirectory C:\Users\Вадим\workspace\Translator\Translate\src\main\resources
2019-07-01 14:12:05,195 [Worker-13] WARN  o.e.m.c.i.embedder.EclipseLogger - Using platform encoding (Cp1251 actually) to copy filtered resources, i.e. build is platform dependent!
2019-07-01 14:12:05,195 [Worker-13] INFO  o.e.m.c.i.embedder.EclipseLogger - skip non existing resourceDirectory C:\Users\Вадим\workspace\Translator\Translate\src\test\resources
2019-07-01 14:12:11,497 [Worker-15] INFO  o.e.m.c.i.l.LifecycleMappingFactory - Using org.eclipse.m2e.jdt.JarLifecycleMapping lifecycle mapping for MavenProject: Translate:Translate:0.0.1-SNAPSHOT @ C:\Users\Вадим\workspace\Translator\Translate\pom.xml.
2019-07-01 14:12:11,544 [Worker-15] WARN  o.e.m.c.i.embedder.EclipseLogger - Using platform encoding (Cp1251 actually) to copy filtered resources, i.e. build is platform dependent!
2019-07-01 14:12:11,544 [Worker-15] INFO  o.e.m.c.i.embedder.EclipseLogger - skip non existing resourceDirectory C:\Users\Вадим\workspace\Translator\Translate\src\main\resources
2019-07-01 14:12:11,544 [Worker-15] WARN  o.e.m.c.i.embedder.EclipseLogger - Using platform encoding (Cp1251 actually) to copy filtered resources, i.e. build is platform dependent!
2019-07-01 14:12:11,544 [Worker-15] INFO  o.e.m.c.i.embedder.EclipseLogger - skip non existing resourceDirectory C:\Users\Вадим\workspace\Translator\Translate\src\test\resources
2019-07-01 14:12:14,945 [Worker-14] INFO  o.e.m.c.i.l.LifecycleMappingFactory - Using org.eclipse.m2e.jdt.JarLifecycleMapping lifecycle mapping for MavenProject: Translate:Translate:0.0.1-SNAPSHOT @ C:\Users\Вадим\workspace\Translator\Translate\pom.xml.
2019-07-01 14:12:14,976 [Worker-14] WARN  o.e.m.c.i.embedder.EclipseLogger - Using platform encoding (Cp1251 actually) to copy filtered resources, i.e. build is platform dependent!
2019-07-01 14:12:14,976 [Worker-14] INFO  o.e.m.c.i.embedder.EclipseLogger - skip non existing resourceDirectory C:\Users\Вадим\workspace\Translator\Translate\src\main\resources
2019-07-01 14:12:14,976 [Worker-14] WARN  o.e.m.c.i.embedder.EclipseLogger - Using platform encoding (Cp1251 actually) to copy filtered resources, i.e. build is platform dependent!
2019-07-01 14:12:14,976 [Worker-14] INFO  o.e.m.c.i.embedder.EclipseLogger - skip non existing resourceDirectory C:\Users\Вадим\workspace\Translator\Translate\src\test\resources
2019-07-01 14:12:27,550 [Worker-15] INFO  o.e.m.c.i.l.LifecycleMappingFactory - Using org.eclipse.m2e.jdt.JarLifecycleMapping lifecycle mapping for MavenProject: Translate:Translate:0.0.1-SNAPSHOT @ C:\Users\Вадим\workspace\Translator\Translate\pom.xml.
2019-07-01 14:12:27,596 [Worker-15] WARN  o.e.m.c.i.embedder.EclipseLogger - Using platform encoding (Cp1251 actually) to copy filtered resources, i.e. build is platform dependent!
2019-07-01 14:12:27,596 [Worker-15] INFO  o.e.m.c.i.embedder.EclipseLogger - skip non existing resourceDirectory C:\Users\Вадим\workspace\Translator\Translate\src\main\resources
2019-07-01 14:12:27,596 [Worker-15] WARN  o.e.m.c.i.embedder.EclipseLogger - Using platform encoding (Cp1251 actually) to copy filtered resources, i.e. build is platform dependent!
2019-07-01 14:12:27,596 [Worker-15] INFO  o.e.m.c.i.embedder.EclipseLogger - skip non existing resourceDirectory C:\Users\Вадим\workspace\Translator\Translate\src\test\resources
2019-07-01 14:12:29,999 [Worker-6] INFO  o.e.m.c.i.l.LifecycleMappingFactory - Using org.eclipse.m2e.jdt.JarLifecycleMapping lifecycle mapping for MavenProject: Translate:Translate:0.0.1-SNAPSHOT @ C:\Users\Вадим\workspace\Translator\Translate\pom.xml.
2019-07-01 14:12:30,030 [Worker-6] WARN  o.e.m.c.i.embedder.EclipseLogger - Using platform encoding (Cp1251 actually) to copy filtered resources, i.e. build is platform dependent!
2019-07-01 14:12:30,030 [Worker-6] INFO  o.e.m.c.i.embedder.EclipseLogger - skip non existing resourceDirectory C:\Users\Вадим\workspace\Translator\Translate\src\main\resources
2019-07-01 14:12:30,030 [Worker-6] WARN  o.e.m.c.i.embedder.EclipseLogger - Using platform encoding (Cp1251 actually) to copy filtered resources, i.e. build is platform dependent!
2019-07-01 14:12:30,030 [Worker-6] INFO  o.e.m.c.i.embedder.EclipseLogger - skip non existing resourceDirectory C:\Users\Вадим\workspace\Translator\Translate\src\test\resources
2019-07-01 14:12:31,184 [Worker-15] WARN  o.e.m.c.i.embedder.EclipseLogger - Using platform encoding (Cp1251 actually) to copy filtered resources, i.e. build is platform dependent!
2019-07-01 14:12:31,184 [Worker-15] INFO  o.e.m.c.i.embedder.EclipseLogger - skip non existing resourceDirectory C:\Users\Вадим\workspace\Translator\Translate\src\main\resources
2019-07-01 14:12:31,184 [Worker-15] WARN  o.e.m.c.i.embedder.EclipseLogger - Using platform encoding (Cp1251 actually) to copy filtered resources, i.e. build is platform dependent!
2019-07-01 14:12:31,184 [Worker-15] INFO  o.e.m.c.i.embedder.EclipseLogger - skip non existing resourceDirectory C:\Users\Вадим\workspace\Translator\Translate\src\test\resources
2019-07-01 14:12:49,266 [Worker-6] INFO  o.e.m.c.i.l.LifecycleMappingFactory - Using org.eclipse.m2e.jdt.JarLifecycleMapping lifecycle mapping for MavenProject: Translate:Translate:0.0.1-SNAPSHOT @ C:\Users\Вадим\workspace\Translator\Translate\pom.xml.
2019-07-01 14:12:49,297 [Worker-6] WARN  o.e.m.c.i.embedder.EclipseLogger - Using platform encoding (Cp1251 actually) to copy filtered resources, i.e. build is platform dependent!
2019-07-01 14:12:49,297 [Worker-6] INFO  o.e.m.c.i.embedder.EclipseLogger - skip non existing resourceDirectory C:\Users\Вадим\workspace\Translator\Translate\src\main\resources
2019-07-01 14:12:49,297 [Worker-6] WARN  o.e.m.c.i.embedder.EclipseLogger - Using platform encoding (Cp1251 actually) to copy filtered resources, i.e. build is platform dependent!
2019-07-01 14:12:49,297 [Worker-6] INFO  o.e.m.c.i.embedder.EclipseLogger - skip non existing resourceDirectory C:\Users\Вадим\workspace\Translator\Translate\src\test\resources
2019-07-01 14:12:56,582 [main] INFO  o.e.m2e.actions.ExecutePomAction - Creating new launch configuration
2019-07-01 14:12:59,577 [Worker-14] INFO  o.e.m.i.launch.MavenLaunchDelegate - C:\Users\Вадим\workspace\Translator\Translate
2019-07-01 14:12:59,577 [Worker-14] INFO  o.e.m.i.launch.MavenLaunchDelegate -  mvn  -B 
2019-07-01 14:13:05,183 [Worker-11] INFO  o.e.m.c.i.l.LifecycleMappingFactory - Using org.eclipse.m2e.jdt.JarLifecycleMapping lifecycle mapping for MavenProject: Translate:Translate:0.0.1-SNAPSHOT @ C:\Users\Вадим\workspace\Translator\Translate\pom.xml.
2019-07-01 14:13:05,214 [Worker-11] WARN  o.e.m.c.i.embedder.EclipseLogger - Using platform encoding (Cp1251 actually) to copy filtered resources, i.e. build is platform dependent!
2019-07-01 14:13:05,214 [Worker-11] INFO  o.e.m.c.i.embedder.EclipseLogger - skip non existing resourceDirectory C:\Users\Вадим\workspace\Translator\Translate\src\main\resources
2019-07-01 14:13:05,214 [Worker-11] WARN  o.e.m.c.i.embedder.EclipseLogger - Using platform encoding (Cp1251 actually) to copy filtered resources, i.e. build is platform dependent!
2019-07-01 14:13:05,214 [Worker-11] INFO  o.e.m.c.i.embedder.EclipseLogger - skip non existing resourceDirectory C:\Users\Вадим\workspace\Translator\Translate\src\test\resources
2019-07-01 14:13:38,937 [Worker-16] INFO  o.e.m.c.i.l.LifecycleMappingFactory - Using org.eclipse.m2e.jdt.JarLifecycleMapping lifecycle mapping for MavenProject: Translate:Translate:0.0.1-SNAPSHOT @ C:\Users\Вадим\workspace\Translator\Translate\pom.xml.
2019-07-01 14:13:39,000 [Worker-16] WARN  o.e.m.c.i.embedder.EclipseLogger - Using platform encoding (Cp1251 actually) to copy filtered resources, i.e. build is platform dependent!
2019-07-01 14:13:39,000 [Worker-16] INFO  o.e.m.c.i.embedder.EclipseLogger - skip non existing resourceDirectory C:\Users\Вадим\workspace\Translator\Translate\src\main\resources
2019-07-01 14:13:39,000 [Worker-16] WARN  o.e.m.c.i.embedder.EclipseLogger - Using platform encoding (Cp1251 actually) to copy filtered resources, i.e. build is platform dependent!
2019-07-01 14:13:39,000 [Worker-16] INFO  o.e.m.c.i.embedder.EclipseLogger - skip non existing resourceDirectory C:\Users\Вадим\workspace\Translator\Translate\src\test\resources
2019-07-01 14:14:01,355 [Worker-16] INFO  o.e.m.c.i.l.LifecycleMappingFactory - Using org.eclipse.m2e.jdt.JarLifecycleMapping lifecycle mapping for MavenProject: Translate:Translate:0.0.1-SNAPSHOT @ C:\Users\Вадим\workspace\Translator\Translate\pom.xml.
2019-07-01 14:14:01,418 [Worker-16] WARN  o.e.m.c.i.embedder.EclipseLogger - Using platform encoding (Cp1251 actually) to copy filtered resources, i.e. build is platform dependent!
2019-07-01 14:14:01,418 [Worker-16] INFO  o.e.m.c.i.embedder.EclipseLogger - skip non existing resourceDirectory C:\Users\Вадим\workspace\Translator\Translate\src\main\resources
2019-07-01 14:14:01,418 [Worker-16] WARN  o.e.m.c.i.embedder.EclipseLogger - Using platform encoding (Cp1251 actually) to copy filtered resources, i.e. build is platform dependent!
2019-07-01 14:14:01,418 [Worker-16] INFO  o.e.m.c.i.embedder.EclipseLogger - skip non existing resourceDirectory C:\Users\Вадим\workspace\Translator\Translate\src\test\resources
2019-07-01 14:14:02,588 [Worker-14] WARN  o.e.m.c.i.embedder.EclipseLogger - Using platform encoding (Cp1251 actually) to copy filtered resources, i.e. build is platform dependent!
2019-07-01 14:14:02,588 [Worker-14] INFO  o.e.m.c.i.embedder.EclipseLogger - skip non existing resourceDirectory C:\Users\Вадим\workspace\Translator\Translate\src\main\resources
2019-07-01 14:14:02,588 [Worker-14] WARN  o.e.m.c.i.embedder.EclipseLogger - Using platform encoding (Cp1251 actually) to copy filtered resources, i.e. build is platform dependent!
2019-07-01 14:14:02,588 [Worker-14] INFO  o.e.m.c.i.embedder.EclipseLogger - skip non existing resourceDirectory C:\Users\Вадим\workspace\Translator\Translate\src\test\resources
2019-07-01 14:14:10,669 [main] INFO  o.e.m2e.actions.ExecutePomAction - Using existing launch configuration
2019-07-01 14:14:13,040 [Worker-15] INFO  o.e.m.i.launch.MavenLaunchDelegate - C:\Users\Вадим\workspace\Translator\Translate
2019-07-01 14:14:13,040 [Worker-15] INFO  o.e.m.i.launch.MavenLaunchDelegate -  mvn  -B 
